# JRE version: Java(TM) SE Runtime Environment (8.0_66-b17) (build 1.8.0_66-b17)
# Java VM: Java HotSpot(TM) Client VM (25.66-b17 mixed mode linux-x86 )
Heap:
 def new generation   total 4992K, used 2635K [0xa4800000, 0xa4d60000, 0xa9d50000)
  eden space 4480K,  54% used [0xa4800000, 0xa4a5e4e8, 0xa4c60000)
  from space 512K,  41% used [0xa4c60000, 0xa4c94a08, 0xa4ce0000)
  to   space 512K,   0% used [0xa4ce0000, 0xa4ce0000, 0xa4d60000)
 tenured generation   total 10944K, used 5138K [0xa9d50000, 0xaa800000, 0xb4800000)
   the space 10944K,  46% used [0xa9d50000, 0xaa2549b8, 0xaa254a00, 0xaa800000)
 Metaspace       used 12131K, capacity 12355K, committed 12416K, reserved 12592K
GC Heap History (10 events):
Event: 182,017 GC heap before
{Heap before GC invocations=12 (full 1):
 def new generation   total 4992K, used 4672K [0xa4800000, 0xa4d60000, 0xa9d50000)
  eden space 4480K, 100% used [0xa4800000, 0xa4c60000, 0xa4c60000)
  from space 512K,  37% used [0xa4ce0000, 0xa4d10268, 0xa4d60000)
  to   space 512K,   0% used [0xa4c60000, 0xa4c60000, 0xa4ce0000)
 tenured generation   total 10944K, used 5138K [0xa9d50000, 0xaa800000, 0xb4800000)
   the space 10944K,  46% used [0xa9d50000, 0xaa2549b8, 0xaa254a00, 0xaa800000)
 Metaspace       used 12115K, capacity 12323K, committed 12416K, reserved 12592K
Event: 182,020 GC heap after
Heap after GC invocations=13 (full 1):
 def new generation   total 4992K, used 200K [0xa4800000, 0xa4d60000, 0xa9d50000)
  eden space 4480K,   0% used [0xa4800000, 0xa4800000, 0xa4c60000)
  from space 512K,  39% used [0xa4c60000, 0xa4c92210, 0xa4ce0000)
  to   space 512K,   0% used [0xa4ce0000, 0xa4ce0000, 0xa4d60000)
 tenured generation   total 10944K, used 5138K [0xa9d50000, 0xaa800000, 0xb4800000)
   the space 10944K,  46% used [0xa9d50000, 0xaa2549b8, 0xaa254a00, 0xaa800000)
 Metaspace       used 12115K, capacity 12323K, committed 12416K, reserved 12592K
}
Event: 197,026 GC heap before
{Heap before GC invocations=13 (full 1):
 def new generation   total 4992K, used 4680K [0xa4800000, 0xa4d60000, 0xa9d50000)
  eden space 4480K, 100% used [0xa4800000, 0xa4c60000, 0xa4c60000)
  from space 512K,  39% used [0xa4c60000, 0xa4c92210, 0xa4ce0000)
  to   space 512K,   0% used [0xa4ce0000, 0xa4ce0000, 0xa4d60000)
 tenured generation   total 10944K, used 5138K [0xa9d50000, 0xaa800000, 0xb4800000)
   the space 10944K,  46% used [0xa9d50000, 0xaa2549b8, 0xaa254a00, 0xaa800000)
 Metaspace       used 12115K, capacity 12323K, committed 12416K, reserved 12592K
Event: 197,028 GC heap after
Heap after GC invocations=14 (full 1):
 def new generation   total 4992K, used 195K [0xa4800000, 0xa4d60000, 0xa9d50000)
  eden space 4480K,   0% used [0xa4800000, 0xa4800000, 0xa4c60000)
  from space 512K,  38% used [0xa4ce0000, 0xa4d10ec8, 0xa4d60000)
  to   space 512K,   0% used [0xa4c60000, 0xa4c60000, 0xa4ce0000)
 tenured generation   total 10944K, used 5138K [0xa9d50000, 0xaa800000, 0xb4800000)
   the space 10944K,  46% used [0xa9d50000, 0xaa2549b8, 0xaa254a00, 0xaa800000)
 Metaspace       used 12115K, capacity 12323K, committed 12416K, reserved 12592K
}
Event: 210,734 GC heap before
{Heap before GC invocations=14 (full 1):
 def new generation   total 4992K, used 4675K [0xa4800000, 0xa4d60000, 0xa9d50000)
  eden space 4480K, 100% used [0xa4800000, 0xa4c60000, 0xa4c60000)
  from space 512K,  38% used [0xa4ce0000, 0xa4d10ec8, 0xa4d60000)
  to   space 512K,   0% used [0xa4c60000, 0xa4c60000, 0xa4ce0000)
 tenured generation   total 10944K, used 5138K [0xa9d50000, 0xaa800000, 0xb4800000)
   the space 10944K,  46% used [0xa9d50000, 0xaa2549b8, 0xaa254a00, 0xaa800000)
 Metaspace       used 12115K, capacity 12323K, committed 12416K, reserved 12592K
Event: 210,736 GC heap after
Heap after GC invocations=15 (full 1):
 def new generation   total 4992K, used 195K [0xa4800000, 0xa4d60000, 0xa9d50000)
  eden space 4480K,   0% used [0xa4800000, 0xa4800000, 0xa4c60000)
  from space 512K,  38% used [0xa4c60000, 0xa4c90fd0, 0xa4ce0000)
  to   space 512K,   0% used [0xa4ce0000, 0xa4ce0000, 0xa4d60000)
 tenured generation   total 10944K, used 5138K [0xa9d50000, 0xaa800000, 0xb4800000)
   the space 10944K,  46% used [0xa9d50000, 0xaa2549b8, 0xaa254a00, 0xaa800000)
 Metaspace       used 12115K, capacity 12323K, committed 12416K, reserved 12592K
}
Event: 223,426 GC heap before
{Heap before GC invocations=15 (full 1):
 def new generation   total 4992K, used 4675K [0xa4800000, 0xa4d60000, 0xa9d50000)
  eden space 4480K, 100% used [0xa4800000, 0xa4c60000, 0xa4c60000)
  from space 512K,  38% used [0xa4c60000, 0xa4c90fd0, 0xa4ce0000)
  to   space 512K,   0% used [0xa4ce0000, 0xa4ce0000, 0xa4d60000)
 tenured generation   total 10944K, used 5138K [0xa9d50000, 0xaa800000, 0xb4800000)
   the space 10944K,  46% used [0xa9d50000, 0xaa2549b8, 0xaa254a00, 0xaa800000)
 Metaspace       used 12115K, capacity 12323K, committed 12416K, reserved 12592K
Event: 223,428 GC heap after
Heap after GC invocations=16 (full 1):
 def new generation   total 4992K, used 225K [0xa4800000, 0xa4d60000, 0xa9d50000)
  eden space 4480K,   0% used [0xa4800000, 0xa4800000, 0xa4c60000)
  from space 512K,  44% used [0xa4ce0000, 0xa4d18710, 0xa4d60000)
  to   space 512K,   0% used [0xa4c60000, 0xa4c60000, 0xa4ce0000)
 tenured generation   total 10944K, used 5138K [0xa9d50000, 0xaa800000, 0xb4800000)
   the space 10944K,  46% used [0xa9d50000, 0xaa2549b8, 0xaa254a00, 0xaa800000)
 Metaspace       used 12115K, capacity 12323K, committed 12416K, reserved 12592K
}
Event: 256,619 GC heap before
{Heap before GC invocations=16 (full 1):
 def new generation   total 4992K, used 4705K [0xa4800000, 0xa4d60000, 0xa9d50000)
  eden space 4480K, 100% used [0xa4800000, 0xa4c60000, 0xa4c60000)
  from space 512K,  44% used [0xa4ce0000, 0xa4d18710, 0xa4d60000)
  to   space 512K,   0% used [0xa4c60000, 0xa4c60000, 0xa4ce0000)
 tenured generation   total 10944K, used 5138K [0xa9d50000, 0xaa800000, 0xb4800000)
   the space 10944K,  46% used [0xa9d50000, 0xaa2549b8, 0xaa254a00, 0xaa800000)
 Metaspace       used 12115K, capacity 12323K, committed 12416K, reserved 12592K
Event: 256,621 GC heap after
Heap after GC invocations=17 (full 1):
 def new generation   total 4992K, used 210K [0xa4800000, 0xa4d60000, 0xa9d50000)
  eden space 4480K,   0% used [0xa4800000, 0xa4800000, 0xa4c60000)
  from space 512K,  41% used [0xa4c60000, 0xa4c94a08, 0xa4ce0000)
  to   space 512K,   0% used [0xa4ce0000, 0xa4ce0000, 0xa4d60000)
 tenured generation   total 10944K, used 5138K [0xa9d50000, 0xaa800000, 0xb4800000)
   the space 10944K,  46% used [0xa9d50000, 0xaa2549b8, 0xaa254a00, 0xaa800000)
 Metaspace       used 12115K, capacity 12323K, committed 12416K, reserved 12592K
}

