# JRE version: Java(TM) SE Runtime Environment (8.0_66-b17) (build 1.8.0_66-b17)
# Java VM: Java HotSpot(TM) Client VM (25.66-b17 mixed mode linux-x86 )
Heap:
 def new generation   total 4992K, used 2462K [0xa4800000, 0xa4d60000, 0xa9d50000)
  eden space 4480K,  54% used [0xa4800000, 0xa4a67b38, 0xa4c60000)
  from space 512K,   0% used [0xa4c60000, 0xa4c60000, 0xa4ce0000)
  to   space 512K,   0% used [0xa4ce0000, 0xa4ce0000, 0xa4d60000)
 tenured generation   total 10944K, used 5174K [0xa9d50000, 0xaa800000, 0xb4800000)
   the space 10944K,  47% used [0xa9d50000, 0xaa25dad0, 0xaa25dc00, 0xaa800000)
 Metaspace       used 12056K, capacity 12269K, committed 12416K, reserved 12592K
GC Heap History (10 events):
Event: 95,016 GC heap before
{Heap before GC invocations=12 (full 0):
 def new generation   total 4928K, used 4656K [0xa4800000, 0xa4d50000, 0xa9d50000)
  eden space 4416K, 100% used [0xa4800000, 0xa4c50000, 0xa4c50000)
  from space 512K,  47% used [0xa4c50000, 0xa4c8c3e8, 0xa4cd0000)
  to   space 512K,   0% used [0xa4cd0000, 0xa4cd0000, 0xa4d50000)
 tenured generation   total 10944K, used 7843K [0xa9d50000, 0xaa800000, 0xb4800000)
   the space 10944K,  71% used [0xa9d50000, 0xaa4f8db0, 0xaa4f8e00, 0xaa800000)
 Metaspace       used 12013K, capacity 12244K, committed 12288K, reserved 12592K
Event: 95,019 GC heap after
Heap after GC invocations=13 (full 0):
 def new generation   total 4928K, used 254K [0xa4800000, 0xa4d50000, 0xa9d50000)
  eden space 4416K,   0% used [0xa4800000, 0xa4800000, 0xa4c50000)
  from space 512K,  49% used [0xa4cd0000, 0xa4d0fb38, 0xa4d50000)
  to   space 512K,   0% used [0xa4c50000, 0xa4c50000, 0xa4cd0000)
 tenured generation   total 10944K, used 7843K [0xa9d50000, 0xaa800000, 0xb4800000)
   the space 10944K,  71% used [0xa9d50000, 0xaa4f8db0, 0xaa4f8e00, 0xaa800000)
 Metaspace       used 12013K, capacity 12244K, committed 12288K, reserved 12592K
}
Event: 125,049 GC heap before
{Heap before GC invocations=13 (full 0):
 def new generation   total 4928K, used 4670K [0xa4800000, 0xa4d50000, 0xa9d50000)
  eden space 4416K, 100% used [0xa4800000, 0xa4c50000, 0xa4c50000)
  from space 512K,  49% used [0xa4cd0000, 0xa4d0fb38, 0xa4d50000)
  to   space 512K,   0% used [0xa4c50000, 0xa4c50000, 0xa4cd0000)
 tenured generation   total 10944K, used 7843K [0xa9d50000, 0xaa800000, 0xb4800000)
   the space 10944K,  71% used [0xa9d50000, 0xaa4f8db0, 0xaa4f8e00, 0xaa800000)
 Metaspace       used 12015K, capacity 12244K, committed 12288K, reserved 12592K
Event: 125,052 GC heap after
Heap after GC invocations=14 (full 0):
 def new generation   total 4928K, used 239K [0xa4800000, 0xa4d50000, 0xa9d50000)
  eden space 4416K,   0% used [0xa4800000, 0xa4800000, 0xa4c50000)
  from space 512K,  46% used [0xa4c50000, 0xa4c8bcb8, 0xa4cd0000)
  to   space 512K,   0% used [0xa4cd0000, 0xa4cd0000, 0xa4d50000)
 tenured generation   total 10944K, used 7843K [0xa9d50000, 0xaa800000, 0xb4800000)
   the space 10944K,  71% used [0xa9d50000, 0xaa4f8db0, 0xaa4f8e00, 0xaa800000)
 Metaspace       used 12015K, capacity 12244K, committed 12288K, reserved 12592K
}
Event: 149,915 GC heap before
{Heap before GC invocations=14 (full 0):
 def new generation   total 4928K, used 4655K [0xa4800000, 0xa4d50000, 0xa9d50000)
  eden space 4416K, 100% used [0xa4800000, 0xa4c50000, 0xa4c50000)
  from space 512K,  46% used [0xa4c50000, 0xa4c8bcb8, 0xa4cd0000)
  to   space 512K,   0% used [0xa4cd0000, 0xa4cd0000, 0xa4d50000)
 tenured generation   total 10944K, used 7843K [0xa9d50000, 0xaa800000, 0xb4800000)
   the space 10944K,  71% used [0xa9d50000, 0xaa4f8db0, 0xaa4f8e00, 0xaa800000)
 Metaspace       used 12015K, capacity 12244K, committed 12288K, reserved 12592K
Event: 149,918 GC heap after
Heap after GC invocations=15 (full 0):
 def new generation   total 4928K, used 234K [0xa4800000, 0xa4d50000, 0xa9d50000)
  eden space 4416K,   0% used [0xa4800000, 0xa4800000, 0xa4c50000)
  from space 512K,  45% used [0xa4cd0000, 0xa4d0a808, 0xa4d50000)
  to   space 512K,   0% used [0xa4c50000, 0xa4c50000, 0xa4cd0000)
 tenured generation   total 10944K, used 7843K [0xa9d50000, 0xaa800000, 0xb4800000)
   the space 10944K,  71% used [0xa9d50000, 0xaa4f8db0, 0xaa4f8e00, 0xaa800000)
 Metaspace       used 12015K, capacity 12244K, committed 12288K, reserved 12592K
}
Event: 171,882 GC heap before
{Heap before GC invocations=15 (full 0):
 def new generation   total 4928K, used 4650K [0xa4800000, 0xa4d50000, 0xa9d50000)
  eden space 4416K, 100% used [0xa4800000, 0xa4c50000, 0xa4c50000)
  from space 512K,  45% used [0xa4cd0000, 0xa4d0a808, 0xa4d50000)
  to   space 512K,   0% used [0xa4c50000, 0xa4c50000, 0xa4cd0000)
 tenured generation   total 10944K, used 7843K [0xa9d50000, 0xaa800000, 0xb4800000)
   the space 10944K,  71% used [0xa9d50000, 0xaa4f8db0, 0xaa4f8e00, 0xaa800000)
 Metaspace       used 12016K, capacity 12244K, committed 12288K, reserved 12592K
Event: 171,886 GC heap after
Heap after GC invocations=16 (full 0):
 def new generation   total 4928K, used 250K [0xa4800000, 0xa4d50000, 0xa9d50000)
  eden space 4416K,   0% used [0xa4800000, 0xa4800000, 0xa4c50000)
  from space 512K,  48% used [0xa4c50000, 0xa4c8e920, 0xa4cd0000)
  to   space 512K,   0% used [0xa4cd0000, 0xa4cd0000, 0xa4d50000)
 tenured generation   total 10944K, used 7843K [0xa9d50000, 0xaa800000, 0xb4800000)
   the space 10944K,  71% used [0xa9d50000, 0xaa4f8db0, 0xaa4f8e00, 0xaa800000)
 Metaspace       used 12016K, capacity 12244K, committed 12288K, reserved 12592K
}
Event: 197,116 GC heap before
{Heap before GC invocations=16 (full 0):
 def new generation   total 4928K, used 4522K [0xa4800000, 0xa4d50000, 0xa9d50000)
  eden space 4416K,  96% used [0xa4800000, 0xa4c2c0f0, 0xa4c50000)
  from space 512K,  48% used [0xa4c50000, 0xa4c8e920, 0xa4cd0000)
  to   space 512K,   0% used [0xa4cd0000, 0xa4cd0000, 0xa4d50000)
 tenured generation   total 10944K, used 7843K [0xa9d50000, 0xaa800000, 0xb4800000)
   the space 10944K,  71% used [0xa9d50000, 0xaa4f8db0, 0xaa4f8e00, 0xaa800000)
 Metaspace       used 12027K, capacity 12244K, committed 12288K, reserved 12592K
Event: 197,146 GC heap after
Heap after GC invocations=17 (full 1):
 def new generation   total 4992K, used 0K [0xa4800000, 0xa4d60000, 0xa9d50000)
  eden space 4480K,   0% used [0xa4800000, 0xa4800000, 0xa4c60000)
  from space 512K,   0% used [0xa4c60000, 0xa4c60000, 0xa4ce0000)
  to   space 512K,   0% used [0xa4ce0000, 0xa4ce0000, 0xa4d60000)
 tenured generation   total 10944K, used 5174K [0xa9d50000, 0xaa800000, 0xb4800000)
   the space 10944K,  47% used [0xa9d50000, 0xaa25dad0, 0xaa25dc00, 0xaa800000)
 Metaspace       used 12022K, capacity 12229K, committed 12288K, reserved 12592K
}

