# JRE version: Java(TM) SE Runtime Environment (8.0_66-b17) (build 1.8.0_66-b17)
# Java VM: Java HotSpot(TM) Client VM (25.66-b17 mixed mode linux-x86 )
Heap:
 def new generation   total 4992K, used 1447K [0xa4800000, 0xa4d60000, 0xa9d50000)
  eden space 4480K,  24% used [0xa4800000, 0xa49153c8, 0xa4c60000)
  from space 512K,  66% used [0xa4ce0000, 0xa4d34980, 0xa4d60000)
  to   space 512K,   0% used [0xa4c60000, 0xa4c60000, 0xa4ce0000)
 tenured generation   total 10944K, used 7299K [0xa9d50000, 0xaa800000, 0xb4800000)
   the space 10944K,  66% used [0xa9d50000, 0xaa470f80, 0xaa471000, 0xaa800000)
 Metaspace       used 12721K, capacity 12938K, committed 13056K, reserved 13616K
GC Heap History (10 events):
Event: 1127,764 GC heap before
{Heap before GC invocations=76 (full 1):
 def new generation   total 4992K, used 4570K [0xa4800000, 0xa4d60000, 0xa9d50000)
  eden space 4480K, 100% used [0xa4800000, 0xa4c60000, 0xa4c60000)
  from space 512K,  17% used [0xa4c60000, 0xa4c76858, 0xa4ce0000)
  to   space 512K,   0% used [0xa4ce0000, 0xa4ce0000, 0xa4d60000)
 tenured generation   total 10944K, used 7258K [0xa9d50000, 0xaa800000, 0xb4800000)
   the space 10944K,  66% used [0xa9d50000, 0xaa466808, 0xaa466a00, 0xaa800000)
 Metaspace       used 12699K, capacity 12938K, committed 13056K, reserved 13616K
Event: 1127,766 GC heap after
Heap after GC invocations=77 (full 1):
 def new generation   total 4992K, used 75K [0xa4800000, 0xa4d60000, 0xa9d50000)
  eden space 4480K,   0% used [0xa4800000, 0xa4800000, 0xa4c60000)
  from space 512K,  14% used [0xa4ce0000, 0xa4cf2cb8, 0xa4d60000)
  to   space 512K,   0% used [0xa4c60000, 0xa4c60000, 0xa4ce0000)
 tenured generation   total 10944K, used 7258K [0xa9d50000, 0xaa800000, 0xb4800000)
   the space 10944K,  66% used [0xa9d50000, 0xaa466808, 0xaa466a00, 0xaa800000)
 Metaspace       used 12699K, capacity 12938K, committed 13056K, reserved 13616K
}
Event: 1152,351 GC heap before
{Heap before GC invocations=77 (full 1):
 def new generation   total 4992K, used 4555K [0xa4800000, 0xa4d60000, 0xa9d50000)
  eden space 4480K, 100% used [0xa4800000, 0xa4c60000, 0xa4c60000)
  from space 512K,  14% used [0xa4ce0000, 0xa4cf2cb8, 0xa4d60000)
  to   space 512K,   0% used [0xa4c60000, 0xa4c60000, 0xa4ce0000)
 tenured generation   total 10944K, used 7258K [0xa9d50000, 0xaa800000, 0xb4800000)
   the space 10944K,  66% used [0xa9d50000, 0xaa466808, 0xaa466a00, 0xaa800000)
 Metaspace       used 12699K, capacity 12938K, committed 13056K, reserved 13616K
Event: 1152,353 GC heap after
Heap after GC invocations=78 (full 1):
 def new generation   total 4992K, used 62K [0xa4800000, 0xa4d60000, 0xa9d50000)
  eden space 4480K,   0% used [0xa4800000, 0xa4800000, 0xa4c60000)
  from space 512K,  12% used [0xa4c60000, 0xa4c6fbd8, 0xa4ce0000)
  to   space 512K,   0% used [0xa4ce0000, 0xa4ce0000, 0xa4d60000)
 tenured generation   total 10944K, used 7278K [0xa9d50000, 0xaa800000, 0xb4800000)
   the space 10944K,  66% used [0xa9d50000, 0xaa46bb88, 0xaa46bc00, 0xaa800000)
 Metaspace       used 12699K, capacity 12938K, committed 13056K, reserved 13616K
}
Event: 1186,298 GC heap before
{Heap before GC invocations=78 (full 1):
 def new generation   total 4992K, used 4542K [0xa4800000, 0xa4d60000, 0xa9d50000)
  eden space 4480K, 100% used [0xa4800000, 0xa4c60000, 0xa4c60000)
  from space 512K,  12% used [0xa4c60000, 0xa4c6fbd8, 0xa4ce0000)
  to   space 512K,   0% used [0xa4ce0000, 0xa4ce0000, 0xa4d60000)
 tenured generation   total 10944K, used 7278K [0xa9d50000, 0xaa800000, 0xb4800000)
   the space 10944K,  66% used [0xa9d50000, 0xaa46bb88, 0xaa46bc00, 0xaa800000)
 Metaspace       used 12699K, capacity 12938K, committed 13056K, reserved 13616K
Event: 1186,301 GC heap after
Heap after GC invocations=79 (full 1):
 def new generation   total 4992K, used 55K [0xa4800000, 0xa4d60000, 0xa9d50000)
  eden space 4480K,   0% used [0xa4800000, 0xa4800000, 0xa4c60000)
  from space 512K,  10% used [0xa4ce0000, 0xa4cede90, 0xa4d60000)
  to   space 512K,   0% used [0xa4c60000, 0xa4c60000, 0xa4ce0000)
 tenured generation   total 10944K, used 7284K [0xa9d50000, 0xaa800000, 0xb4800000)
   the space 10944K,  66% used [0xa9d50000, 0xaa46d1c0, 0xaa46d200, 0xaa800000)
 Metaspace       used 12699K, capacity 12938K, committed 13056K, reserved 13616K
}
Event: 1198,172 GC heap before
{Heap before GC invocations=79 (full 1):
 def new generation   total 4992K, used 4535K [0xa4800000, 0xa4d60000, 0xa9d50000)
  eden space 4480K, 100% used [0xa4800000, 0xa4c60000, 0xa4c60000)
  from space 512K,  10% used [0xa4ce0000, 0xa4cede90, 0xa4d60000)
  to   space 512K,   0% used [0xa4c60000, 0xa4c60000, 0xa4ce0000)
 tenured generation   total 10944K, used 7284K [0xa9d50000, 0xaa800000, 0xb4800000)
   the space 10944K,  66% used [0xa9d50000, 0xaa46d1c0, 0xaa46d200, 0xaa800000)
 Metaspace       used 12699K, capacity 12938K, committed 13056K, reserved 13616K
Event: 1198,177 GC heap after
Heap after GC invocations=80 (full 1):
 def new generation   total 4992K, used 146K [0xa4800000, 0xa4d60000, 0xa9d50000)
  eden space 4480K,   0% used [0xa4800000, 0xa4800000, 0xa4c60000)
  from space 512K,  28% used [0xa4c60000, 0xa4c84978, 0xa4ce0000)
  to   space 512K,   0% used [0xa4ce0000, 0xa4ce0000, 0xa4d60000)
 tenured generation   total 10944K, used 7293K [0xa9d50000, 0xaa800000, 0xb4800000)
   the space 10944K,  66% used [0xa9d50000, 0xaa46f480, 0xaa46f600, 0xaa800000)
 Metaspace       used 12699K, capacity 12938K, committed 13056K, reserved 13616K
}
Event: 1237,111 GC heap before
{Heap before GC invocations=80 (full 1):
 def new generation   total 4992K, used 4626K [0xa4800000, 0xa4d60000, 0xa9d50000)
  eden space 4480K, 100% used [0xa4800000, 0xa4c60000, 0xa4c60000)
  from space 512K,  28% used [0xa4c60000, 0xa4c84978, 0xa4ce0000)
  to   space 512K,   0% used [0xa4ce0000, 0xa4ce0000, 0xa4d60000)
 tenured generation   total 10944K, used 7293K [0xa9d50000, 0xaa800000, 0xb4800000)
   the space 10944K,  66% used [0xa9d50000, 0xaa46f480, 0xaa46f600, 0xaa800000)
 Metaspace       used 12719K, capacity 12938K, committed 13056K, reserved 13616K
Event: 1237,115 GC heap after
Heap after GC invocations=81 (full 1):
 def new generation   total 4992K, used 338K [0xa4800000, 0xa4d60000, 0xa9d50000)
  eden space 4480K,   0% used [0xa4800000, 0xa4800000, 0xa4c60000)
  from space 512K,  66% used [0xa4ce0000, 0xa4d34980, 0xa4d60000)
  to   space 512K,   0% used [0xa4c60000, 0xa4c60000, 0xa4ce0000)
 tenured generation   total 10944K, used 7299K [0xa9d50000, 0xaa800000, 0xb4800000)
   the space 10944K,  66% used [0xa9d50000, 0xaa470f80, 0xaa471000, 0xaa800000)
 Metaspace       used 12719K, capacity 12938K, committed 13056K, reserved 13616K
}

